
Tokens recebidos: [[2, 2], [+, +], [3, 3]]
Erro: startup failed:
Script1.groovy: 1: Unexpected input: '[' @ line 1, column 7.
   [2, 2][+, +][3, 3]
         ^

1 error

Tokens recebidos: [[1, 1], [+, +], [1, 1]]
Erro: startup failed:
Script1.groovy: 1: Unexpected input: '[' @ line 1, column 7.
   [1, 1][+, +][1, 1]
         ^

1 error

Tokens recebidos: [[1, 1], [+, +], [1, 1]]
Erro: startup failed:
Script1.groovy: 1: Unexpected input: '[' @ line 1, column 7.
   [1, 1][+, +][1, 1]
         ^

1 error

Tokens recebidos: [1, +, 1]
Resultado: 2
Tokens recebidos: [(, 1, +, 2]
Erro: startup failed:
Script1.groovy: 1: Unexpected input: '+2' @ line 1, column 5.
   (1+2
       ^

1 error

